2025-07-07 01:10:29,692 - INFO - Fetching content from https://www.jopi.com/free-games-for-your-website.php
2025-07-07 01:10:35,375 - INFO - Found game: Summer Maze
2025-07-07 01:10:35,376 - INFO - Found game: Key Quest
2025-07-07 01:10:35,376 - INFO - Found game: Painting Tiles
2025-07-07 01:10:35,377 - INFO - Found game: Space Slide
2025-07-07 01:10:35,377 - INFO - Found game: Master Sudou
2025-07-07 01:10:35,378 - INFO - Found game: Way To Home
2025-07-07 01:10:35,378 - INFO - Found game: Paint Sponges Puzzle
2025-07-07 01:10:35,378 - INFO - Found game: Pixel Mini Golf
2025-07-07 01:10:35,379 - INFO - Found game: Neon Bricks
2025-07-07 01:10:35,379 - INFO - Found game: Go Up Dash
2025-07-07 01:10:35,379 - INFO - Found 10 games
2025-07-07 01:10:35,380 - INFO - Saved game data to scraped_data\jopi\jopi_Summer Maze.json
2025-07-07 01:10:35,381 - INFO - Saved game data to scraped_data\jopi\jopi_Key Quest.json
2025-07-07 01:10:35,381 - INFO - Saved game data to scraped_data\jopi\jopi_Painting Tiles.json
2025-07-07 01:10:35,382 - INFO - Saved game data to scraped_data\jopi\jopi_Space Slide.json
2025-07-07 01:10:35,382 - INFO - Saved game data to scraped_data\jopi\jopi_Master Sudou.json
2025-07-07 01:10:35,383 - INFO - Saved game data to scraped_data\jopi\jopi_Way To Home.json
2025-07-07 01:10:35,384 - INFO - Saved game data to scraped_data\jopi\jopi_Paint Sponges Puzzle.json
2025-07-07 01:10:35,384 - INFO - Saved game data to scraped_data\jopi\jopi_Pixel Mini Golf.json
2025-07-07 01:10:35,384 - INFO - Saved game data to scraped_data\jopi\jopi_Neon Bricks.json
2025-07-07 01:10:35,385 - INFO - Saved game data to scraped_data\jopi\jopi_Go Up Dash.json
2025-07-07 01:10:35,385 - INFO - Scraping completed successfully
